#
# There is insufficient memory for the Java Runtime Environment to continue.
# Native memory allocation (malloc) failed to allocate 32744 bytes for Chunk::new
# Possible reasons:
#   The system is out of physical RAM or swap space
#   The process is running with CompressedOops enabled, and the Java Heap may be blocking the growth of the native heap
# Possible solutions:
#   Reduce memory load on the system
#   Increase physical memory or swap space
#   Check if swap backing store is full
#   Decrease Java heap size (-Xmx/-Xms)
#   Decrease number of Java threads
#   Decrease Java thread stack sizes (-Xss)
#   Set larger code cache with -XX:ReservedCodeCacheSize=
#   JVM is running with Unscaled Compressed Oops mode in which the Java heap is
#     placed in the first 4GB address space. The Java Heap base address is the
#     maximum limit for the native heap growth. Please use -XX:HeapBaseMinAddress
#     to set the Java Heap base and to place the Java Heap above 4GB virtual address.
# This output file may be truncated or incomplete.
#
#  Out of Memory Error (arena.cpp:168), pid=4756, tid=20808
#
# JRE version: Java(TM) SE Runtime Environment (21.0.2+13) (build 21.0.2+13-LTS-58)
# Java VM: Java HotSpot(TM) 64-Bit Server VM (21.0.2+13-LTS-58, mixed mode, sharing, tiered, compressed oops, compressed class ptrs, g1 gc, windows-amd64)
# No core dump will be written. Minidumps are not enabled by default on client versions of Windows
#

---------------  S U M M A R Y ------------

Command Line: -javaagent:C:\Program Files\JetBrains\IntelliJ IDEA Community Edition 2023.3.6\lib\idea_rt.jar=60815:C:\Program Files\JetBrains\IntelliJ IDEA Community Edition 2023.3.6\bin -Dfile.encoding=UTF-8 -Dsun.stdout.encoding=UTF-8 -Dsun.stderr.encoding=UTF-8 TesteTamanho

Host: 12th Gen Intel(R) Core(TM) i3-1215U, 8 cores, 7G,  Windows 11 , 64 bit Build 22621 (10.0.22621.3235)
Time: Fri Apr  5 23:19:59 2024 Hora oficial do Brasil elapsed time: 38.831124 seconds (0d 0h 0m 38s)

---------------  T H R E A D  ---------------

Current thread (0x0000020b464cb890):  JavaThread "C2 CompilerThread0" daemon [_thread_in_native, id=20808, stack(0x00000058a2300000,0x00000058a2400000) (1024K)]


Current CompileTask:
C2:  38831 1406       4       java.util.concurrent.ConcurrentHashMap::get (162 bytes)

Stack: [0x00000058a2300000,0x00000058a2400000]
Native frames: (J=compiled Java code, j=interpreted, Vv=VM code, C=native code)
V  [jvm.dll+0x6cade9]
V  [jvm.dll+0x8569c1]
V  [jvm.dll+0x858d2e]
V  [jvm.dll+0x859413]
V  [jvm.dll+0x280e56]
V  [jvm.dll+0xc3f3d]
V  [jvm.dll+0xc4473]
V  [jvm.dll+0xc4065]
V  [jvm.dll+0x6a79c7]
V  [jvm.dll+0x6a6470]
V  [jvm.dll+0x392b78]
V  [jvm.dll+0x39891a]
V  [jvm.dll+0x39e155]
V  [jvm.dll+0x3928f4]
V  [jvm.dll+0x6e7140]
V  [jvm.dll+0x6e03c1]
V  [jvm.dll+0x6e1ddc]
V  [jvm.dll+0x6e50f0]
V  [jvm.dll+0x6dd596]
V  [jvm.dll+0x6dca2e]
V  [jvm.dll+0x6dac4c]
V  [jvm.dll+0x1cc90c]
V  [jvm.dll+0x248d3d]
V  [jvm.dll+0x1c9634]
V  [jvm.dll+0x258859]
V  [jvm.dll+0x256e3a]
V  [jvm.dll+0x3ef6c6]
V  [jvm.dll+0x7ff568]
V  [jvm.dll+0x6c953d]
C  [ucrtbase.dll+0x29363]
C  [KERNEL32.DLL+0x1257d]
C  [ntdll.dll+0x5aa58]


---------------  P R O C E S S  ---------------

Threads class SMR info:
_java_thread_list=0x0000020b8c9cab10, length=17, elements={
0x0000020b29c64030, 0x0000020b464a5680, 0x0000020b464a63a0, 0x0000020b464a8300,
0x0000020b464a8d60, 0x0000020b464a9a20, 0x0000020b464caef0, 0x0000020b464cb890,
0x0000020b464d8360, 0x0000020b466f1e40, 0x0000020b46801b40, 0x0000020b467e96d0,
0x0000020b469676e0, 0x0000020b46969d60, 0x0000020b4696f000, 0x0000020b46a1d120,
0x0000020b8c95c3f0
}

Java Threads: ( => current thread )
  0x0000020b29c64030 JavaThread "main"                              [_thread_blocked, id=2872, stack(0x00000058a1500000,0x00000058a1600000) (1024K)]
  0x0000020b464a5680 JavaThread "Reference Handler"          daemon [_thread_blocked, id=1892, stack(0x00000058a1d00000,0x00000058a1e00000) (1024K)]
  0x0000020b464a63a0 JavaThread "Finalizer"                  daemon [_thread_blocked, id=16152, stack(0x00000058a1e00000,0x00000058a1f00000) (1024K)]
  0x0000020b464a8300 JavaThread "Signal Dispatcher"          daemon [_thread_blocked, id=18212, stack(0x00000058a1f00000,0x00000058a2000000) (1024K)]
  0x0000020b464a8d60 JavaThread "Attach Listener"            daemon [_thread_blocked, id=18556, stack(0x00000058a2000000,0x00000058a2100000) (1024K)]
  0x0000020b464a9a20 JavaThread "Service Thread"             daemon [_thread_blocked, id=3024, stack(0x00000058a2100000,0x00000058a2200000) (1024K)]
  0x0000020b464caef0 JavaThread "Monitor Deflation Thread"   daemon [_thread_blocked, id=22292, stack(0x00000058a2200000,0x00000058a2300000) (1024K)]
=>0x0000020b464cb890 JavaThread "C2 CompilerThread0"         daemon [_thread_in_native, id=20808, stack(0x00000058a2300000,0x00000058a2400000) (1024K)]
  0x0000020b464d8360 JavaThread "C1 CompilerThread0"         daemon [_thread_in_native, id=11516, stack(0x00000058a2400000,0x00000058a2500000) (1024K)]
  0x0000020b466f1e40 JavaThread "Common-Cleaner"             daemon [_thread_blocked, id=8136, stack(0x00000058a2500000,0x00000058a2600000) (1024K)]
  0x0000020b46801b40 JavaThread "Monitor Ctrl-Break"         daemon [_thread_in_native, id=20228, stack(0x00000058a2600000,0x00000058a2700000) (1024K)]
  0x0000020b467e96d0 JavaThread "Notification Thread"        daemon [_thread_blocked, id=10804, stack(0x00000058a2700000,0x00000058a2800000) (1024K)]
  0x0000020b469676e0 JavaThread "Java2D Disposer"            daemon [_thread_blocked, id=19952, stack(0x00000058a2800000,0x00000058a2900000) (1024K)]
  0x0000020b46969d60 JavaThread "AWT-Shutdown"                      [_thread_blocked, id=7536, stack(0x00000058a2900000,0x00000058a2a00000) (1024K)]
  0x0000020b4696f000 JavaThread "AWT-Windows"                daemon [_thread_in_native, id=12944, stack(0x00000058a2a00000,0x00000058a2b00000) (1024K)]
  0x0000020b46a1d120 JavaThread "AWT-EventQueue-0"                  [_thread_blocked, id=2628, stack(0x00000058a2c00000,0x00000058a2d00000) (1024K)]
  0x0000020b8c95c3f0 JavaThread "TimerQueue"                 daemon [_thread_blocked, id=5812, stack(0x00000058a3000000,0x00000058a3100000) (1024K)]
Total: 17

Other Threads:
  0x0000020b4648acf0 VMThread "VM Thread"                           [id=21680, stack(0x00000058a1c00000,0x00000058a1d00000) (1024K)]
  0x0000020b4646e9f0 WatcherThread "VM Periodic Task Thread"        [id=2756, stack(0x00000058a1b00000,0x00000058a1c00000) (1024K)]
  0x0000020b29cb9640 WorkerThread "GC Thread#0"                     [id=16016, stack(0x00000058a1600000,0x00000058a1700000) (1024K)]
  0x0000020b29cca370 ConcurrentGCThread "G1 Main Marker"            [id=19692, stack(0x00000058a1700000,0x00000058a1800000) (1024K)]
  0x0000020b29ccaf20 WorkerThread "G1 Conc#0"                       [id=12016, stack(0x00000058a1800000,0x00000058a1900000) (1024K)]
  0x0000020b463460e0 ConcurrentGCThread "G1 Refine#0"               [id=1492, stack(0x00000058a1900000,0x00000058a1a00000) (1024K)]
  0x0000020b46346760 ConcurrentGCThread "G1 Service"                [id=3852, stack(0x00000058a1a00000,0x00000058a1b00000) (1024K)]
Total: 7

Threads with active compile tasks:
C2 CompilerThread0    38869 1406       4       java.util.concurrent.ConcurrentHashMap::get (162 bytes)
C1 CompilerThread0    38869 1405       3       sun.java2d.SunGraphics2D::setRenderingHint (543 bytes)
Total: 2

VM state: not at safepoint (normal execution)

VM Mutex/Monitor currently owned by a thread: None

Heap address: 0x0000000084e00000, size: 1970 MB, Compressed Oops mode: 32-bit

CDS archive(s) mapped at: [0x0000020b47000000-0x0000020b47c90000-0x0000020b47c90000), size 13172736, SharedBaseAddress: 0x0000020b47000000, ArchiveRelocationMode: 1.
Compressed class space mapped at: 0x0000020b48000000-0x0000020b88000000, reserved size: 1073741824
Narrow klass base: 0x0000020b47000000, Narrow klass shift: 0, Narrow klass range: 0x100000000

GC Precious Log:
 CardTable entry size: 512
 Card Set container configuration: InlinePtr #cards 5 size 8 Array Of Cards #cards 12 size 40 Howl #buckets 4 coarsen threshold 1843 Howl Bitmap #cards 512 size 80 coarsen threshold 460 Card regions per heap region 1 cards per card region 2048
 CPUs: 8 total, 8 available
 Memory: 7876M
 Large Page Support: Disabled
 NUMA Support: Disabled
 Compressed Oops: Enabled (32-bit)
 Heap Region Size: 1M
 Heap Min Capacity: 8M
 Heap Initial Capacity: 124M
 Heap Max Capacity: 1970M
 Pre-touch: Disabled
 Parallel Workers: 8
 Concurrent Workers: 2
 Concurrent Refinement Workers: 8
 Periodic GC: Disabled

Heap:
 garbage-first heap   total 126976K, used 10240K [0x0000000084e00000, 0x0000000100000000)
  region size 1024K, 12 young (12288K), 0 survivors (0K)
 Metaspace       used 9683K, committed 9920K, reserved 1114112K
  class space    used 1062K, committed 1216K, reserved 1048576K

Heap Regions: E=young(eden), S=young(survivor), O=old, HS=humongous(starts), HC=humongous(continues), CS=collection set, F=free, TAMS=top-at-mark-start, PB=parsable bottom
|   0|0x0000000084e00000, 0x0000000084e00000, 0x0000000084f00000|  0%| F|  |TAMS 0x0000000084e00000| PB 0x0000000084e00000| Untracked 
|   1|0x0000000084f00000, 0x0000000084f00000, 0x0000000085000000|  0%| F|  |TAMS 0x0000000084f00000| PB 0x0000000084f00000| Untracked 
|   2|0x0000000085000000, 0x0000000085000000, 0x0000000085100000|  0%| F|  |TAMS 0x0000000085000000| PB 0x0000000085000000| Untracked 
|   3|0x0000000085100000, 0x0000000085100000, 0x0000000085200000|  0%| F|  |TAMS 0x0000000085100000| PB 0x0000000085100000| Untracked 
|   4|0x0000000085200000, 0x0000000085200000, 0x0000000085300000|  0%| F|  |TAMS 0x0000000085200000| PB 0x0000000085200000| Untracked 
|   5|0x0000000085300000, 0x0000000085300000, 0x0000000085400000|  0%| F|  |TAMS 0x0000000085300000| PB 0x0000000085300000| Untracked 
|   6|0x0000000085400000, 0x0000000085400000, 0x0000000085500000|  0%| F|  |TAMS 0x0000000085400000| PB 0x0000000085400000| Untracked 
|   7|0x0000000085500000, 0x0000000085500000, 0x0000000085600000|  0%| F|  |TAMS 0x0000000085500000| PB 0x0000000085500000| Untracked 
|   8|0x0000000085600000, 0x0000000085600000, 0x0000000085700000|  0%| F|  |TAMS 0x0000000085600000| PB 0x0000000085600000| Untracked 
|   9|0x0000000085700000, 0x0000000085700000, 0x0000000085800000|  0%| F|  |TAMS 0x0000000085700000| PB 0x0000000085700000| Untracked 
|  10|0x0000000085800000, 0x0000000085800000, 0x0000000085900000|  0%| F|  |TAMS 0x0000000085800000| PB 0x0000000085800000| Untracked 
|  11|0x0000000085900000, 0x0000000085900000, 0x0000000085a00000|  0%| F|  |TAMS 0x0000000085900000| PB 0x0000000085900000| Untracked 
|  12|0x0000000085a00000, 0x0000000085a00000, 0x0000000085b00000|  0%| F|  |TAMS 0x0000000085a00000| PB 0x0000000085a00000| Untracked 
|  13|0x0000000085b00000, 0x0000000085b00000, 0x0000000085c00000|  0%| F|  |TAMS 0x0000000085b00000| PB 0x0000000085b00000| Untracked 
|  14|0x0000000085c00000, 0x0000000085c00000, 0x0000000085d00000|  0%| F|  |TAMS 0x0000000085c00000| PB 0x0000000085c00000| Untracked 
|  15|0x0000000085d00000, 0x0000000085d00000, 0x0000000085e00000|  0%| F|  |TAMS 0x0000000085d00000| PB 0x0000000085d00000| Untracked 
|  16|0x0000000085e00000, 0x0000000085e00000, 0x0000000085f00000|  0%| F|  |TAMS 0x0000000085e00000| PB 0x0000000085e00000| Untracked 
|  17|0x0000000085f00000, 0x0000000085f00000, 0x0000000086000000|  0%| F|  |TAMS 0x0000000085f00000| PB 0x0000000085f00000| Untracked 
|  18|0x0000000086000000, 0x0000000086000000, 0x0000000086100000|  0%| F|  |TAMS 0x0000000086000000| PB 0x0000000086000000| Untracked 
|  19|0x0000000086100000, 0x0000000086100000, 0x0000000086200000|  0%| F|  |TAMS 0x0000000086100000| PB 0x0000000086100000| Untracked 
|  20|0x0000000086200000, 0x0000000086200000, 0x0000000086300000|  0%| F|  |TAMS 0x0000000086200000| PB 0x0000000086200000| Untracked 
|  21|0x0000000086300000, 0x0000000086300000, 0x0000000086400000|  0%| F|  |TAMS 0x0000000086300000| PB 0x0000000086300000| Untracked 
|  22|0x0000000086400000, 0x0000000086400000, 0x0000000086500000|  0%| F|  |TAMS 0x0000000086400000| PB 0x0000000086400000| Untracked 
|  23|0x0000000086500000, 0x0000000086500000, 0x0000000086600000|  0%| F|  |TAMS 0x0000000086500000| PB 0x0000000086500000| Untracked 
|  24|0x0000000086600000, 0x0000000086600000, 0x0000000086700000|  0%| F|  |TAMS 0x0000000086600000| PB 0x0000000086600000| Untracked 
|  25|0x0000000086700000, 0x0000000086700000, 0x0000000086800000|  0%| F|  |TAMS 0x0000000086700000| PB 0x0000000086700000| Untracked 
|  26|0x0000000086800000, 0x0000000086800000, 0x0000000086900000|  0%| F|  |TAMS 0x0000000086800000| PB 0x0000000086800000| Untracked 
|  27|0x0000000086900000, 0x0000000086900000, 0x0000000086a00000|  0%| F|  |TAMS 0x0000000086900000| PB 0x0000000086900000| Untracked 
|  28|0x0000000086a00000, 0x0000000086a00000, 0x0000000086b00000|  0%| F|  |TAMS 0x0000000086a00000| PB 0x0000000086a00000| Untracked 
|  29|0x0000000086b00000, 0x0000000086b00000, 0x0000000086c00000|  0%| F|  |TAMS 0x0000000086b00000| PB 0x0000000086b00000| Untracked 
|  30|0x0000000086c00000, 0x0000000086c00000, 0x0000000086d00000|  0%| F|  |TAMS 0x0000000086c00000| PB 0x0000000086c00000| Untracked 
|  31|0x0000000086d00000, 0x0000000086d00000, 0x0000000086e00000|  0%| F|  |TAMS 0x0000000086d00000| PB 0x0000000086d00000| Untracked 
|  32|0x0000000086e00000, 0x0000000086e00000, 0x0000000086f00000|  0%| F|  |TAMS 0x0000000086e00000| PB 0x0000000086e00000| Untracked 
|  33|0x0000000086f00000, 0x0000000086f00000, 0x0000000087000000|  0%| F|  |TAMS 0x0000000086f00000| PB 0x0000000086f00000| Untracked 
|  34|0x0000000087000000, 0x0000000087000000, 0x0000000087100000|  0%| F|  |TAMS 0x0000000087000000| PB 0x0000000087000000| Untracked 
|  35|0x0000000087100000, 0x0000000087100000, 0x0000000087200000|  0%| F|  |TAMS 0x0000000087100000| PB 0x0000000087100000| Untracked 
|  36|0x0000000087200000, 0x0000000087200000, 0x0000000087300000|  0%| F|  |TAMS 0x0000000087200000| PB 0x0000000087200000| Untracked 
|  37|0x0000000087300000, 0x0000000087300000, 0x0000000087400000|  0%| F|  |TAMS 0x0000000087300000| PB 0x0000000087300000| Untracked 
|  38|0x0000000087400000, 0x0000000087400000, 0x0000000087500000|  0%| F|  |TAMS 0x0000000087400000| PB 0x0000000087400000| Untracked 
|  39|0x0000000087500000, 0x0000000087500000, 0x0000000087600000|  0%| F|  |TAMS 0x0000000087500000| PB 0x0000000087500000| Untracked 
|  40|0x0000000087600000, 0x0000000087600000, 0x0000000087700000|  0%| F|  |TAMS 0x0000000087600000| PB 0x0000000087600000| Untracked 
|  41|0x0000000087700000, 0x0000000087700000, 0x0000000087800000|  0%| F|  |TAMS 0x0000000087700000| PB 0x0000000087700000| Untracked 
|  42|0x0000000087800000, 0x0000000087800000, 0x0000000087900000|  0%| F|  |TAMS 0x0000000087800000| PB 0x0000000087800000| Untracked 
|  43|0x0000000087900000, 0x0000000087900000, 0x0000000087a00000|  0%| F|  |TAMS 0x0000000087900000| PB 0x0000000087900000| Untracked 
|  44|0x0000000087a00000, 0x0000000087a00000, 0x0000000087b00000|  0%| F|  |TAMS 0x0000000087a00000| PB 0x0000000087a00000| Untracked 
|  45|0x0000000087b00000, 0x0000000087b00000, 0x0000000087c00000|  0%| F|  |TAMS 0x0000000087b00000| PB 0x0000000087b00000| Untracked 
|  46|0x0000000087c00000, 0x0000000087c00000, 0x0000000087d00000|  0%| F|  |TAMS 0x0000000087c00000| PB 0x0000000087c00000| Untracked 
|  47|0x0000000087d00000, 0x0000000087d00000, 0x0000000087e00000|  0%| F|  |TAMS 0x0000000087d00000| PB 0x0000000087d00000| Untracked 
|  48|0x0000000087e00000, 0x0000000087e00000, 0x0000000087f00000|  0%| F|  |TAMS 0x0000000087e00000| PB 0x0000000087e00000| Untracked 
|  49|0x0000000087f00000, 0x0000000087f00000, 0x0000000088000000|  0%| F|  |TAMS 0x0000000087f00000| PB 0x0000000087f00000| Untracked 
|  50|0x0000000088000000, 0x0000000088000000, 0x0000000088100000|  0%| F|  |TAMS 0x0000000088000000| PB 0x0000000088000000| Untracked 
|  51|0x0000000088100000, 0x0000000088100000, 0x0000000088200000|  0%| F|  |TAMS 0x0000000088100000| PB 0x0000000088100000| Untracked 
|  52|0x0000000088200000, 0x0000000088200000, 0x0000000088300000|  0%| F|  |TAMS 0x0000000088200000| PB 0x0000000088200000| Untracked 
|  53|0x0000000088300000, 0x0000000088300000, 0x0000000088400000|  0%| F|  |TAMS 0x0000000088300000| PB 0x0000000088300000| Untracked 
|  54|0x0000000088400000, 0x0000000088400000, 0x0000000088500000|  0%| F|  |TAMS 0x0000000088400000| PB 0x0000000088400000| Untracked 
|  55|0x0000000088500000, 0x0000000088500000, 0x0000000088600000|  0%| F|  |TAMS 0x0000000088500000| PB 0x0000000088500000| Untracked 
|  56|0x0000000088600000, 0x0000000088600000, 0x0000000088700000|  0%| F|  |TAMS 0x0000000088600000| PB 0x0000000088600000| Untracked 
|  57|0x0000000088700000, 0x0000000088700000, 0x0000000088800000|  0%| F|  |TAMS 0x0000000088700000| PB 0x0000000088700000| Untracked 
|  58|0x0000000088800000, 0x0000000088800000, 0x0000000088900000|  0%| F|  |TAMS 0x0000000088800000| PB 0x0000000088800000| Untracked 
|  59|0x0000000088900000, 0x0000000088900000, 0x0000000088a00000|  0%| F|  |TAMS 0x0000000088900000| PB 0x0000000088900000| Untracked 
|  60|0x0000000088a00000, 0x0000000088a00000, 0x0000000088b00000|  0%| F|  |TAMS 0x0000000088a00000| PB 0x0000000088a00000| Untracked 
|  61|0x0000000088b00000, 0x0000000088b00000, 0x0000000088c00000|  0%| F|  |TAMS 0x0000000088b00000| PB 0x0000000088b00000| Untracked 
|  62|0x0000000088c00000, 0x0000000088c00000, 0x0000000088d00000|  0%| F|  |TAMS 0x0000000088c00000| PB 0x0000000088c00000| Untracked 
|  63|0x0000000088d00000, 0x0000000088d00000, 0x0000000088e00000|  0%| F|  |TAMS 0x0000000088d00000| PB 0x0000000088d00000| Untracked 
|  64|0x0000000088e00000, 0x0000000088e00000, 0x0000000088f00000|  0%| F|  |TAMS 0x0000000088e00000| PB 0x0000000088e00000| Untracked 
|  65|0x0000000088f00000, 0x0000000088f00000, 0x0000000089000000|  0%| F|  |TAMS 0x0000000088f00000| PB 0x0000000088f00000| Untracked 
|  66|0x0000000089000000, 0x0000000089000000, 0x0000000089100000|  0%| F|  |TAMS 0x0000000089000000| PB 0x0000000089000000| Untracked 
|  67|0x0000000089100000, 0x0000000089100000, 0x0000000089200000|  0%| F|  |TAMS 0x0000000089100000| PB 0x0000000089100000| Untracked 
|  68|0x0000000089200000, 0x0000000089200000, 0x0000000089300000|  0%| F|  |TAMS 0x0000000089200000| PB 0x0000000089200000| Untracked 
|  69|0x0000000089300000, 0x0000000089300000, 0x0000000089400000|  0%| F|  |TAMS 0x0000000089300000| PB 0x0000000089300000| Untracked 
|  70|0x0000000089400000, 0x0000000089400000, 0x0000000089500000|  0%| F|  |TAMS 0x0000000089400000| PB 0x0000000089400000| Untracked 
|  71|0x0000000089500000, 0x0000000089500000, 0x0000000089600000|  0%| F|  |TAMS 0x0000000089500000| PB 0x0000000089500000| Untracked 
|  72|0x0000000089600000, 0x0000000089600000, 0x0000000089700000|  0%| F|  |TAMS 0x0000000089600000| PB 0x0000000089600000| Untracked 
|  73|0x0000000089700000, 0x0000000089700000, 0x0000000089800000|  0%| F|  |TAMS 0x0000000089700000| PB 0x0000000089700000| Untracked 
|  74|0x0000000089800000, 0x0000000089800000, 0x0000000089900000|  0%| F|  |TAMS 0x0000000089800000| PB 0x0000000089800000| Untracked 
|  75|0x0000000089900000, 0x0000000089900000, 0x0000000089a00000|  0%| F|  |TAMS 0x0000000089900000| PB 0x0000000089900000| Untracked 
|  76|0x0000000089a00000, 0x0000000089a00000, 0x0000000089b00000|  0%| F|  |TAMS 0x0000000089a00000| PB 0x0000000089a00000| Untracked 
|  77|0x0000000089b00000, 0x0000000089b00000, 0x0000000089c00000|  0%| F|  |TAMS 0x0000000089b00000| PB 0x0000000089b00000| Untracked 
|  78|0x0000000089c00000, 0x0000000089c00000, 0x0000000089d00000|  0%| F|  |TAMS 0x0000000089c00000| PB 0x0000000089c00000| Untracked 
|  79|0x0000000089d00000, 0x0000000089d00000, 0x0000000089e00000|  0%| F|  |TAMS 0x0000000089d00000| PB 0x0000000089d00000| Untracked 
|  80|0x0000000089e00000, 0x0000000089e00000, 0x0000000089f00000|  0%| F|  |TAMS 0x0000000089e00000| PB 0x0000000089e00000| Untracked 
|  81|0x0000000089f00000, 0x0000000089f00000, 0x000000008a000000|  0%| F|  |TAMS 0x0000000089f00000| PB 0x0000000089f00000| Untracked 
|  82|0x000000008a000000, 0x000000008a000000, 0x000000008a100000|  0%| F|  |TAMS 0x000000008a000000| PB 0x000000008a000000| Untracked 
|  83|0x000000008a100000, 0x000000008a100000, 0x000000008a200000|  0%| F|  |TAMS 0x000000008a100000| PB 0x000000008a100000| Untracked 
|  84|0x000000008a200000, 0x000000008a200000, 0x000000008a300000|  0%| F|  |TAMS 0x000000008a200000| PB 0x000000008a200000| Untracked 
|  85|0x000000008a300000, 0x000000008a300000, 0x000000008a400000|  0%| F|  |TAMS 0x000000008a300000| PB 0x000000008a300000| Untracked 
|  86|0x000000008a400000, 0x000000008a400000, 0x000000008a500000|  0%| F|  |TAMS 0x000000008a400000| PB 0x000000008a400000| Untracked 
|  87|0x000000008a500000, 0x000000008a500000, 0x000000008a600000|  0%| F|  |TAMS 0x000000008a500000| PB 0x000000008a500000| Untracked 
|  88|0x000000008a600000, 0x000000008a600000, 0x000000008a700000|  0%| F|  |TAMS 0x000000008a600000| PB 0x000000008a600000| Untracked 
|  89|0x000000008a700000, 0x000000008a700000, 0x000000008a800000|  0%| F|  |TAMS 0x000000008a700000| PB 0x000000008a700000| Untracked 
|  90|0x000000008a800000, 0x000000008a800000, 0x000000008a900000|  0%| F|  |TAMS 0x000000008a800000| PB 0x000000008a800000| Untracked 
|  91|0x000000008a900000, 0x000000008a900000, 0x000000008aa00000|  0%| F|  |TAMS 0x000000008a900000| PB 0x000000008a900000| Untracked 
|  92|0x000000008aa00000, 0x000000008aa00000, 0x000000008ab00000|  0%| F|  |TAMS 0x000000008aa00000| PB 0x000000008aa00000| Untracked 
|  93|0x000000008ab00000, 0x000000008ab00000, 0x000000008ac00000|  0%| F|  |TAMS 0x000000008ab00000| PB 0x000000008ab00000| Untracked 
|  94|0x000000008ac00000, 0x000000008ac00000, 0x000000008ad00000|  0%| F|  |TAMS 0x000000008ac00000| PB 0x000000008ac00000| Untracked 
|  95|0x000000008ad00000, 0x000000008ad00000, 0x000000008ae00000|  0%| F|  |TAMS 0x000000008ad00000| PB 0x000000008ad00000| Untracked 
|  96|0x000000008ae00000, 0x000000008ae00000, 0x000000008af00000|  0%| F|  |TAMS 0x000000008ae00000| PB 0x000000008ae00000| Untracked 
|  97|0x000000008af00000, 0x000000008af00000, 0x000000008b000000|  0%| F|  |TAMS 0x000000008af00000| PB 0x000000008af00000| Untracked 
|  98|0x000000008b000000, 0x000000008b000000, 0x000000008b100000|  0%| F|  |TAMS 0x000000008b000000| PB 0x000000008b000000| Untracked 
|  99|0x000000008b100000, 0x000000008b100000, 0x000000008b200000|  0%| F|  |TAMS 0x000000008b100000| PB 0x000000008b100000| Untracked 
| 100|0x000000008b200000, 0x000000008b200000, 0x000000008b300000|  0%| F|  |TAMS 0x000000008b200000| PB 0x000000008b200000| Untracked 
| 101|0x000000008b300000, 0x000000008b300000, 0x000000008b400000|  0%| F|  |TAMS 0x000000008b300000| PB 0x000000008b300000| Untracked 
| 102|0x000000008b400000, 0x000000008b400000, 0x000000008b500000|  0%| F|  |TAMS 0x000000008b400000| PB 0x000000008b400000| Untracked 
| 103|0x000000008b500000, 0x000000008b500000, 0x000000008b600000|  0%| F|  |TAMS 0x000000008b500000| PB 0x000000008b500000| Untracked 
| 104|0x000000008b600000, 0x000000008b600000, 0x000000008b700000|  0%| F|  |TAMS 0x000000008b600000| PB 0x000000008b600000| Untracked 
| 105|0x000000008b700000, 0x000000008b700000, 0x000000008b800000|  0%| F|  |TAMS 0x000000008b700000| PB 0x000000008b700000| Untracked 
| 106|0x000000008b800000, 0x000000008b800000, 0x000000008b900000|  0%| F|  |TAMS 0x000000008b800000| PB 0x000000008b800000| Untracked 
| 107|0x000000008b900000, 0x000000008b900000, 0x000000008ba00000|  0%| F|  |TAMS 0x000000008b900000| PB 0x000000008b900000| Untracked 
| 108|0x000000008ba00000, 0x000000008ba00000, 0x000000008bb00000|  0%| F|  |TAMS 0x000000008ba00000| PB 0x000000008ba00000| Untracked 
| 109|0x000000008bb00000, 0x000000008bb00000, 0x000000008bc00000|  0%| F|  |TAMS 0x000000008bb00000| PB 0x000000008bb00000| Untracked 
| 110|0x000000008bc00000, 0x000000008bc00000, 0x000000008bd00000|  0%| F|  |TAMS 0x000000008bc00000| PB 0x000000008bc00000| Untracked 
| 111|0x000000008bd00000, 0x000000008bd00000, 0x000000008be00000|  0%| F|  |TAMS 0x000000008bd00000| PB 0x000000008bd00000| Untracked 
| 112|0x000000008be00000, 0x000000008be9df20, 0x000000008bf00000| 61%| E|  |TAMS 0x000000008be00000| PB 0x000000008be00000| Complete 
| 113|0x000000008bf00000, 0x000000008c000000, 0x000000008c000000|100%| E|CS|TAMS 0x000000008bf00000| PB 0x000000008bf00000| Complete 
| 114|0x000000008c000000, 0x000000008c100000, 0x000000008c100000|100%| E|CS|TAMS 0x000000008c000000| PB 0x000000008c000000| Complete 
| 115|0x000000008c100000, 0x000000008c200000, 0x000000008c200000|100%| E|CS|TAMS 0x000000008c100000| PB 0x000000008c100000| Complete 
| 116|0x000000008c200000, 0x000000008c300000, 0x000000008c300000|100%| E|  |TAMS 0x000000008c200000| PB 0x000000008c200000| Complete 
| 117|0x000000008c300000, 0x000000008c400000, 0x000000008c400000|100%| E|CS|TAMS 0x000000008c300000| PB 0x000000008c300000| Complete 
| 118|0x000000008c400000, 0x000000008c500000, 0x000000008c500000|100%| E|CS|TAMS 0x000000008c400000| PB 0x000000008c400000| Complete 
| 119|0x000000008c500000, 0x000000008c600000, 0x000000008c600000|100%| E|CS|TAMS 0x000000008c500000| PB 0x000000008c500000| Complete 
| 120|0x000000008c600000, 0x000000008c700000, 0x000000008c700000|100%| E|CS|TAMS 0x000000008c600000| PB 0x000000008c600000| Complete 
| 121|0x000000008c700000, 0x000000008c800000, 0x000000008c800000|100%| E|CS|TAMS 0x000000008c700000| PB 0x000000008c700000| Complete 
| 122|0x000000008c800000, 0x000000008c900000, 0x000000008c900000|100%| E|CS|TAMS 0x000000008c800000| PB 0x000000008c800000| Complete 
| 123|0x000000008c900000, 0x000000008ca00000, 0x000000008ca00000|100%| E|CS|TAMS 0x000000008c900000| PB 0x000000008c900000| Complete 

Card table byte_map: [0x0000020b417e0000,0x0000020b41bc0000] _byte_map_base: 0x0000020b413b9000

Marking Bits: (CMBitMap*) 0x0000020b29cba450
 Bits: [0x0000020b41bc0000, 0x0000020b43a88000)

Polling page: 0x0000020b29430000

Metaspace:

Usage:
  Non-class:      8.42 MB used.
      Class:      1.04 MB used.
       Both:      9.46 MB used.

Virtual space:
  Non-class space:       64.00 MB reserved,       8.50 MB ( 13%) committed,  1 nodes.
      Class space:        1.00 GB reserved,       1.19 MB ( <1%) committed,  1 nodes.
             Both:        1.06 GB reserved,       9.69 MB ( <1%) committed. 

Chunk freelists:
   Non-Class:  7.00 MB
       Class:  14.75 MB
        Both:  21.75 MB

MaxMetaspaceSize: unlimited
CompressedClassSpaceSize: 1.00 GB
Initial GC threshold: 21.00 MB
Current GC threshold: 21.00 MB
CDS: on
 - commit_granule_bytes: 65536.
 - commit_granule_words: 8192.
 - virtual_space_node_default_size: 8388608.
 - enlarge_chunks_in_place: 1.
 - use_allocation_guard: 0.


Internal statistics:

num_allocs_failed_limit: 0.
num_arena_births: 176.
num_arena_deaths: 0.
num_vsnodes_births: 2.
num_vsnodes_deaths: 0.
num_space_committed: 155.
num_space_uncommitted: 0.
num_chunks_returned_to_freelist: 0.
num_chunks_taken_from_freelist: 235.
num_chunk_merges: 0.
num_chunk_splits: 134.
num_chunks_enlarged: 57.
num_inconsistent_stats: 0.

CodeHeap 'non-profiled nmethods': size=120000Kb used=385Kb max_used=385Kb free=119615Kb
 bounds [0x0000020b39ba0000, 0x0000020b39e10000, 0x0000020b410d0000]
CodeHeap 'profiled nmethods': size=120000Kb used=2230Kb max_used=2230Kb free=117769Kb
 bounds [0x0000020b320d0000, 0x0000020b32340000, 0x0000020b39600000]
CodeHeap 'non-nmethods': size=5760Kb used=1595Kb max_used=1609Kb free=4164Kb
 bounds [0x0000020b39600000, 0x0000020b39870000, 0x0000020b39ba0000]
 total_blobs=2057 nmethods=1404 adapters=557
 compilation: enabled
              stopped_count=0, restarted_count=0
 full_count=0

Compilation events (20 events):
Event: 33.460 Thread 0x0000020b464d8360 1396       3       java.awt.Window::isOpaque (29 bytes)
Event: 33.461 Thread 0x0000020b464d8360 nmethod 1396 0x0000020b322fa510 code [0x0000020b322fa6e0, 0x0000020b322faca8]
Event: 34.468 Thread 0x0000020b464d8360 1397       3       java.util.PriorityQueue::peek (7 bytes)
Event: 34.468 Thread 0x0000020b464d8360 nmethod 1397 0x0000020b322fae10 code [0x0000020b322fafc0, 0x0000020b322fb0f8]
Event: 34.468 Thread 0x0000020b464d8360 1398       1       javax.swing.TimerQueue$DelayedTimer::getTimer (5 bytes)
Event: 34.468 Thread 0x0000020b464d8360 nmethod 1398 0x0000020b39bffe10 code [0x0000020b39bfffa0, 0x0000020b39c00068]
Event: 34.468 Thread 0x0000020b464d8360 1399       3       java.awt.geom.AffineTransform::isIdentity (20 bytes)
Event: 34.469 Thread 0x0000020b464d8360 nmethod 1399 0x0000020b322fb210 code [0x0000020b322fb3c0, 0x0000020b322fb630]
Event: 34.469 Thread 0x0000020b464d8360 1400   !   3       sun.java2d.SunGraphics2D::fillRect (74 bytes)
Event: 34.469 Thread 0x0000020b464d8360 nmethod 1400 0x0000020b322fb710 code [0x0000020b322fb940, 0x0000020b322fc040]
Event: 37.001 Thread 0x0000020b464d8360 1401       1       java.awt.Image::getAccelerationPriority (5 bytes)
Event: 37.001 Thread 0x0000020b464d8360 nmethod 1401 0x0000020b39c00110 code [0x0000020b39c002a0, 0x0000020b39c00368]
Event: 38.821 Thread 0x0000020b464d8360 1402  s    3       javax.swing.RepaintManager::extendDirtyRegion (36 bytes)
Event: 38.822 Thread 0x0000020b464d8360 nmethod 1402 0x0000020b322fc410 code [0x0000020b322fc5e0, 0x0000020b322fca70]
Event: 38.822 Thread 0x0000020b464d8360 1403       3       javax.swing.text.Utilities::getTabbedTextWidth (17 bytes)
Event: 38.822 Thread 0x0000020b464d8360 nmethod 1403 0x0000020b322fcb90 code [0x0000020b322fcd40, 0x0000020b322fce88]
Event: 38.823 Thread 0x0000020b464d8360 1404       3       javax.swing.SwingUtilities::getWindowAncestor (31 bytes)
Event: 38.823 Thread 0x0000020b464cb890 1406       4       java.util.concurrent.ConcurrentHashMap::get (162 bytes)
Event: 38.823 Thread 0x0000020b464d8360 nmethod 1404 0x0000020b322fcf90 code [0x0000020b322fd160, 0x0000020b322fd738]
Event: 38.823 Thread 0x0000020b464d8360 1405       3       sun.java2d.SunGraphics2D::setRenderingHint (543 bytes)

GC Heap History (0 events):
No events

Dll operation events (13 events):
Event: 0.025 Loaded shared library C:\Program Files\Java\jdk-21\bin\java.dll
Event: 0.102 Loaded shared library C:\Program Files\Java\jdk-21\bin\jsvml.dll
Event: 0.197 Loaded shared library C:\Program Files\Java\jdk-21\bin\zip.dll
Event: 0.205 Loaded shared library C:\Program Files\Java\jdk-21\bin\instrument.dll
Event: 0.222 Loaded shared library C:\Program Files\Java\jdk-21\bin\net.dll
Event: 0.227 Loaded shared library C:\Program Files\Java\jdk-21\bin\nio.dll
Event: 0.236 Loaded shared library C:\Program Files\Java\jdk-21\bin\zip.dll
Event: 0.262 Loaded shared library C:\Program Files\JetBrains\IntelliJ IDEA Community Edition 2023.3.6\bin\breakgen64.dll
Event: 0.293 Loaded shared library C:\Program Files\Java\jdk-21\bin\extnet.dll
Event: 0.296 Loaded shared library C:\Program Files\Java\jdk-21\bin\jimage.dll
Event: 0.366 Loaded shared library C:\Program Files\Java\jdk-21\bin\awt.dll
Event: 0.958 Loaded shared library C:\Program Files\Java\jdk-21\bin\freetype.dll
Event: 0.964 Loaded shared library C:\Program Files\Java\jdk-21\bin\fontmanager.dll

Deoptimization events (20 events):
Event: 1.037 Thread 0x0000020b29c64030 DEOPT PACKING pc=0x0000020b39bc87cc sp=0x00000058a15fe480
Event: 1.037 Thread 0x0000020b29c64030 DEOPT UNPACKING pc=0x0000020b396546a2 sp=0x00000058a15fe430 mode 2
Event: 1.551 Thread 0x0000020b29c64030 DEOPT PACKING pc=0x0000020b320ffff8 sp=0x00000058a15fe400
Event: 1.551 Thread 0x0000020b29c64030 DEOPT UNPACKING pc=0x0000020b39654e42 sp=0x00000058a15fd820 mode 0
Event: 3.501 Thread 0x0000020b46a1d120 Uncommon trap: trap_request=0xffffffde fr.pc=0x0000020b39bab148 relative=0x00000000000001a8
Event: 3.501 Thread 0x0000020b46a1d120 Uncommon trap: reason=class_check action=maybe_recompile pc=0x0000020b39bab148 method=java.lang.String.equals(Ljava/lang/Object;)Z @ 8 c2
Event: 3.501 Thread 0x0000020b46a1d120 DEOPT PACKING pc=0x0000020b39bab148 sp=0x00000058a2cfdc70
Event: 3.501 Thread 0x0000020b46a1d120 DEOPT UNPACKING pc=0x0000020b396546a2 sp=0x00000058a2cfdc08 mode 2
Event: 3.501 Thread 0x0000020b46a1d120 Uncommon trap: trap_request=0xffffffde fr.pc=0x0000020b39bab148 relative=0x00000000000001a8
Event: 3.501 Thread 0x0000020b46a1d120 Uncommon trap: reason=class_check action=maybe_recompile pc=0x0000020b39bab148 method=java.lang.String.equals(Ljava/lang/Object;)Z @ 8 c2
Event: 3.501 Thread 0x0000020b46a1d120 DEOPT PACKING pc=0x0000020b39bab148 sp=0x00000058a2cfdc70
Event: 3.501 Thread 0x0000020b46a1d120 DEOPT UNPACKING pc=0x0000020b396546a2 sp=0x00000058a2cfdc08 mode 2
Event: 3.903 Thread 0x0000020b46a1d120 Uncommon trap: trap_request=0xffffffde fr.pc=0x0000020b39bab148 relative=0x00000000000001a8
Event: 3.903 Thread 0x0000020b46a1d120 Uncommon trap: reason=class_check action=maybe_recompile pc=0x0000020b39bab148 method=java.lang.String.equals(Ljava/lang/Object;)Z @ 8 c2
Event: 3.903 Thread 0x0000020b46a1d120 DEOPT PACKING pc=0x0000020b39bab148 sp=0x00000058a2cfdc70
Event: 3.903 Thread 0x0000020b46a1d120 DEOPT UNPACKING pc=0x0000020b396546a2 sp=0x00000058a2cfdc08 mode 2
Event: 3.903 Thread 0x0000020b46a1d120 Uncommon trap: trap_request=0xffffffde fr.pc=0x0000020b39bab148 relative=0x00000000000001a8
Event: 3.903 Thread 0x0000020b46a1d120 Uncommon trap: reason=class_check action=maybe_recompile pc=0x0000020b39bab148 method=java.lang.String.equals(Ljava/lang/Object;)Z @ 8 c2
Event: 3.903 Thread 0x0000020b46a1d120 DEOPT PACKING pc=0x0000020b39bab148 sp=0x00000058a2cfdc70
Event: 3.903 Thread 0x0000020b46a1d120 DEOPT UNPACKING pc=0x0000020b396546a2 sp=0x00000058a2cfdc08 mode 2

Classes loaded (20 events):
Event: 26.025 Loading class java/util/WeakHashMap$HashIterator done
Event: 26.025 Loading class java/util/WeakHashMap$KeyIterator done
Event: 26.026 Loading class javax/swing/RepaintManager$DisplayChangedRunnable
Event: 26.026 Loading class javax/swing/RepaintManager$DisplayChangedRunnable done
Event: 26.633 Loading class java/awt/event/MouseEvent$1
Event: 26.633 Loading class sun/awt/AWTAccessor$MouseEventAccessor
Event: 26.634 Loading class sun/awt/AWTAccessor$MouseEventAccessor done
Event: 26.634 Loading class java/awt/event/MouseEvent$1 done
Event: 26.637 Loading class java/awt/Cursor$CursorDisposer
Event: 26.637 Loading class java/awt/Cursor$CursorDisposer done
Event: 26.639 Loading class java/awt/Container$MouseEventTargetFilter
Event: 26.639 Loading class java/awt/Container$EventTargetFilter
Event: 26.640 Loading class java/awt/Container$EventTargetFilter done
Event: 26.640 Loading class java/awt/Container$MouseEventTargetFilter done
Event: 26.640 Loading class java/awt/LightweightDispatcher$1
Event: 26.640 Loading class java/awt/LightweightDispatcher$1 done
Event: 26.641 Loading class java/awt/Toolkit$SelectiveAWTEventListener
Event: 26.641 Loading class java/awt/Toolkit$SelectiveAWTEventListener done
Event: 26.641 Loading class java/awt/event/MouseWheelEvent
Event: 26.642 Loading class java/awt/event/MouseWheelEvent done

Classes unloaded (0 events):
No events

Classes redefined (0 events):
No events

Internal exceptions (17 events):
Event: 0.238 Thread 0x0000020b29c64030 Exception <a 'java/lang/NoSuchMethodError'{0x000000008c7378d8}: 'void java.lang.invoke.DirectMethodHandle$Holder.invokeStatic(java.lang.Object, java.lang.Object, java.lang.Object)'> (0x000000008c7378d8) 
thrown [s\open\src\hotspot\share\interpreter\linkResolver.cpp, line 773]
Event: 0.252 Thread 0x0000020b29c64030 Exception <a 'java/lang/NoSuchMethodError'{0x000000008c74ede0}: 'java.lang.Object java.lang.invoke.Invokers$Holder.invokeExact_MT(java.lang.Object, java.lang.Object, java.lang.Object, java.lang.Object, java.lang.Object)'> (0x000000008c74ede0) 
thrown [s\open\src\hotspot\share\interpreter\linkResolver.cpp, line 773]
Event: 0.302 Thread 0x0000020b46801b40 Exception <a 'java/lang/NoSuchMethodError'{0x000000008c77eee8}: 'void java.lang.invoke.DirectMethodHandle$Holder.invokeStatic(java.lang.Object, java.lang.Object)'> (0x000000008c77eee8) 
thrown [s\open\src\hotspot\share\interpreter\linkResolver.cpp, line 773]
Event: 0.327 Thread 0x0000020b29c64030 Exception <a 'java/lang/ClassNotFoundException'{0x000000008c76e160}: sun/awt/resources/spi/awtProvider> (0x000000008c76e160) 
thrown [s\open\src\hotspot\share\classfile\systemDictionary.cpp, line 312]
Event: 0.403 Thread 0x0000020b29c64030 Exception <a 'java/io/FileNotFoundException'{0x000000008c638648}> (0x000000008c638648) 
thrown [s\open\src\hotspot\share\prims\jni.cpp, line 520]
Event: 0.419 Thread 0x0000020b29c64030 Exception <a 'java/io/FileNotFoundException'{0x000000008c662490}> (0x000000008c662490) 
thrown [s\open\src\hotspot\share\prims\jni.cpp, line 520]
Event: 0.659 Thread 0x0000020b29c64030 Exception <a 'java/lang/NoSuchMethodError'{0x000000008c6ded20}: 'void java.lang.invoke.DirectMethodHandle$Holder.invokeSpecial(java.lang.Object, java.lang.Object, java.lang.Object)'> (0x000000008c6ded20) 
thrown [s\open\src\hotspot\share\interpreter\linkResolver.cpp, line 773]
Event: 0.694 Thread 0x0000020b29c64030 Exception <a 'java/lang/NoSuchMethodError'{0x000000008c4049e0}: 'java.lang.Object java.lang.invoke.DirectMethodHandle$Holder.newInvokeSpecial(java.lang.Object, java.lang.Object, java.lang.Object, java.lang.Object, java.lang.Object)'> (0x000000008c4049e0) 
thrown [s\open\src\hotspot\share\interpreter\linkResolver.cpp, line 773]
Event: 0.713 Thread 0x0000020b29c64030 Exception <a 'java/lang/NoSuchMethodError'{0x000000008c430368}: 'java.lang.Object java.lang.invoke.DirectMethodHandle$Holder.invokeStatic(java.lang.Object, int, java.lang.Object)'> (0x000000008c430368) 
thrown [s\open\src\hotspot\share\interpreter\linkResolver.cpp, line 773]
Event: 0.800 Thread 0x0000020b29c64030 Exception <a 'java/lang/ClassNotFoundException'{0x000000008c4d22c8}: com/sun/swing/internal/plaf/metal/resources/spi/metalProvider> (0x000000008c4d22c8) 
thrown [s\open\src\hotspot\share\classfile\systemDictionary.cpp, line 312]
Event: 0.804 Thread 0x0000020b29c64030 Exception <a 'java/lang/ClassNotFoundException'{0x000000008c4d5fd8}: com/sun/swing/internal/plaf/basic/resources/spi/basicProvider> (0x000000008c4d5fd8) 
thrown [s\open\src\hotspot\share\classfile\systemDictionary.cpp, line 312]
Event: 0.872 Thread 0x0000020b469b46e0 Exception <a 'java/lang/NoSuchMethodError'{0x000000008c30a440}: 'java.lang.Object java.lang.invoke.DirectMethodHandle$Holder.newInvokeSpecial(java.lang.Object, java.lang.Object, java.lang.Object, int, int, int, int, int)'> (0x000000008c30a440) 
thrown [s\open\src\hotspot\share\interpreter\linkResolver.cpp, line 773]
Event: 0.934 Thread 0x0000020b29c64030 Exception <a 'java/lang/NoSuchMethodError'{0x000000008c37a568}: 'int java.lang.invoke.Invokers$Holder.invokeExact_MT(java.lang.Object, java.lang.Object)'> (0x000000008c37a568) 
thrown [s\open\src\hotspot\share\interpreter\linkResolver.cpp, line 773]
Event: 1.227 Thread 0x0000020b4696f000 Exception <a 'java/lang/NoSuchMethodError'{0x000000008c5840d8}: 'void java.lang.invoke.DirectMethodHandle$Holder.invokeVirtual(java.lang.Object, java.lang.Object)'> (0x000000008c5840d8) 
thrown [s\open\src\hotspot\share\interpreter\linkResolver.cpp, line 773]
Event: 1.279 Thread 0x0000020b29c64030 Exception <a 'java/lang/NoSuchMethodError'{0x000000008c22e350}: 'void java.lang.invoke.DirectMethodHandle$Holder.invokeStaticInit(java.lang.Object)'> (0x000000008c22e350) 
thrown [s\open\src\hotspot\share\interpreter\linkResolver.cpp, line 773]
Event: 1.550 Thread 0x0000020b29c64030 Exception <a 'java/lang/NoSuchMethodError'{0x000000008c27ea98}: 'int java.lang.invoke.DirectMethodHandle$Holder.invokeStatic(java.lang.Object)'> (0x000000008c27ea98) 
thrown [s\open\src\hotspot\share\interpreter\linkResolver.cpp, line 773]
Event: 2.783 Thread 0x0000020b464a8d60 Exception <a 'java/lang/NoSuchMethodError'{0x000000008c09d038}: 'java.lang.Object java.lang.invoke.Invokers$Holder.invokeExact_MT(java.lang.Object, java.lang.Object, java.lang.Object, java.lang.Object, java.lang.Object, java.lang.Object)'> (0x000000008c09d038) 
thrown [s\open\src\hotspot\share\interpreter\linkResolver.cpp, line 773]

ZGC Phase Switch (0 events):
No events

VM Operations (20 events):
Event: 16.853 Executing VM operation: Cleanup
Event: 16.853 Executing VM operation: Cleanup done
Event: 17.866 Executing VM operation: Cleanup
Event: 17.866 Executing VM operation: Cleanup done
Event: 19.869 Executing VM operation: Cleanup
Event: 19.869 Executing VM operation: Cleanup done
Event: 22.898 Executing VM operation: Cleanup
Event: 22.899 Executing VM operation: Cleanup done
Event: 23.905 Executing VM operation: Cleanup
Event: 23.905 Executing VM operation: Cleanup done
Event: 24.914 Executing VM operation: Cleanup
Event: 24.914 Executing VM operation: Cleanup done
Event: 26.930 Executing VM operation: Cleanup
Event: 26.931 Executing VM operation: Cleanup done
Event: 31.954 Executing VM operation: Cleanup
Event: 31.954 Executing VM operation: Cleanup done
Event: 32.955 Executing VM operation: Cleanup
Event: 32.955 Executing VM operation: Cleanup done
Event: 35.983 Executing VM operation: Cleanup
Event: 35.983 Executing VM operation: Cleanup done

Events (19 events):
Event: 0.064 Thread 0x0000020b29c64030 Thread added: 0x0000020b29c64030
Event: 0.096 Thread 0x0000020b464a5680 Thread added: 0x0000020b464a5680
Event: 0.097 Thread 0x0000020b464a63a0 Thread added: 0x0000020b464a63a0
Event: 0.097 Thread 0x0000020b464a8300 Thread added: 0x0000020b464a8300
Event: 0.097 Thread 0x0000020b464a8d60 Thread added: 0x0000020b464a8d60
Event: 0.098 Thread 0x0000020b464a9a20 Thread added: 0x0000020b464a9a20
Event: 0.098 Thread 0x0000020b464caef0 Thread added: 0x0000020b464caef0
Event: 0.098 Thread 0x0000020b464cb890 Thread added: 0x0000020b464cb890
Event: 0.098 Thread 0x0000020b464d8360 Thread added: 0x0000020b464d8360
Event: 0.151 Thread 0x0000020b466f1e40 Thread added: 0x0000020b466f1e40
Event: 0.264 Thread 0x0000020b46801b40 Thread added: 0x0000020b46801b40
Event: 0.264 Thread 0x0000020b467e96d0 Thread added: 0x0000020b467e96d0
Event: 0.570 Thread 0x0000020b469676e0 Thread added: 0x0000020b469676e0
Event: 0.575 Thread 0x0000020b46969d60 Thread added: 0x0000020b46969d60
Event: 0.578 Thread 0x0000020b4696f000 Thread added: 0x0000020b4696f000
Event: 0.856 Thread 0x0000020b469b46e0 Thread added: 0x0000020b469b46e0
Event: 1.087 Thread 0x0000020b46a1d120 Thread added: 0x0000020b46a1d120
Event: 1.653 Thread 0x0000020b8c95c3f0 Thread added: 0x0000020b8c95c3f0
Event: 5.907 Thread 0x0000020b469b46e0 Thread exited: 0x0000020b469b46e0


Dynamic libraries:
0x00007ff704280000 - 0x00007ff704290000 	C:\Program Files\Java\jdk-21\bin\java.exe
0x00007ff9b97f0000 - 0x00007ff9b9a06000 	C:\Windows\SYSTEM32\ntdll.dll
0x00007ff9b7e10000 - 0x00007ff9b7ed4000 	C:\Windows\System32\KERNEL32.DLL
0x00007ff9b6c80000 - 0x00007ff9b7026000 	C:\Windows\System32\KERNELBASE.dll
0x00007ff9b73f0000 - 0x00007ff9b7501000 	C:\Windows\System32\ucrtbase.dll
0x00007ff99f8c0000 - 0x00007ff99f8db000 	C:\Program Files\Java\jdk-21\bin\VCRUNTIME140.dll
0x00007ff99f8e0000 - 0x00007ff99f8f9000 	C:\Program Files\Java\jdk-21\bin\jli.dll
0x00007ff9b8190000 - 0x00007ff9b8242000 	C:\Windows\System32\ADVAPI32.dll
0x00007ff9b7540000 - 0x00007ff9b75e7000 	C:\Windows\System32\msvcrt.dll
0x00007ff9b8350000 - 0x00007ff9b83f8000 	C:\Windows\System32\sechost.dll
0x00007ff9b6b30000 - 0x00007ff9b6b58000 	C:\Windows\System32\bcrypt.dll
0x00007ff9b8b60000 - 0x00007ff9b8c75000 	C:\Windows\System32\RPCRT4.dll
0x00007ff9b8990000 - 0x00007ff9b8b3d000 	C:\Windows\System32\USER32.dll
0x00007ff9b7510000 - 0x00007ff9b7536000 	C:\Windows\System32\win32u.dll
0x00007ff988960000 - 0x00007ff988bf3000 	C:\Windows\WinSxS\amd64_microsoft.windows.common-controls_6595b64144ccf1df_6.0.22621.3235_none_270f74e173860f98\COMCTL32.dll
0x00007ff9b7ee0000 - 0x00007ff9b7f09000 	C:\Windows\System32\GDI32.dll
0x00007ff9b6b60000 - 0x00007ff9b6c78000 	C:\Windows\System32\gdi32full.dll
0x00007ff9b7290000 - 0x00007ff9b732a000 	C:\Windows\System32\msvcp_win.dll
0x00007ff9a5250000 - 0x00007ff9a525a000 	C:\Windows\SYSTEM32\VERSION.dll
0x00007ff9b8140000 - 0x00007ff9b8171000 	C:\Windows\System32\IMM32.DLL
0x00007ff99f8b0000 - 0x00007ff99f8bc000 	C:\Program Files\Java\jdk-21\bin\vcruntime140_1.dll
0x00007ff99f500000 - 0x00007ff99f58e000 	C:\Program Files\Java\jdk-21\bin\msvcp140.dll
0x00007ff94e870000 - 0x00007ff94f587000 	C:\Program Files\Java\jdk-21\bin\server\jvm.dll
0x00007ff9b8c80000 - 0x00007ff9b8cf1000 	C:\Windows\System32\WS2_32.dll
0x00007ff9b6950000 - 0x00007ff9b699d000 	C:\Windows\SYSTEM32\POWRPROF.dll
0x00007ff9aa830000 - 0x00007ff9aa864000 	C:\Windows\SYSTEM32\WINMM.dll
0x00007ff9b6930000 - 0x00007ff9b6943000 	C:\Windows\SYSTEM32\UMPDC.dll
0x00007ff9b5b40000 - 0x00007ff9b5b58000 	C:\Windows\SYSTEM32\kernel.appcore.dll
0x00007ff99f4f0000 - 0x00007ff99f4fa000 	C:\Program Files\Java\jdk-21\bin\jimage.dll
0x00007ff9b3fb0000 - 0x00007ff9b41e3000 	C:\Windows\SYSTEM32\DBGHELP.DLL
0x00007ff9b7880000 - 0x00007ff9b7c08000 	C:\Windows\System32\combase.dll
0x00007ff9b8e60000 - 0x00007ff9b8f37000 	C:\Windows\System32\OLEAUT32.dll
0x00007ff99c140000 - 0x00007ff99c172000 	C:\Windows\SYSTEM32\dbgcore.DLL
0x00007ff9b7210000 - 0x00007ff9b728a000 	C:\Windows\System32\bcryptPrimitives.dll
0x00007ff99eef0000 - 0x00007ff99eeff000 	C:\Program Files\Java\jdk-21\bin\instrument.dll
0x00007ff99ef30000 - 0x00007ff99ef4f000 	C:\Program Files\Java\jdk-21\bin\java.dll
0x00007ff9b8f40000 - 0x00007ff9b979d000 	C:\Windows\System32\SHELL32.dll
0x00007ff9b4a40000 - 0x00007ff9b5338000 	C:\Windows\SYSTEM32\windows.storage.dll
0x00007ff9b4900000 - 0x00007ff9b4a3e000 	C:\Windows\SYSTEM32\wintypes.dll
0x00007ff9b8250000 - 0x00007ff9b8343000 	C:\Windows\System32\SHCORE.dll
0x00007ff9b75f0000 - 0x00007ff9b764e000 	C:\Windows\System32\shlwapi.dll
0x00007ff9b6a60000 - 0x00007ff9b6a86000 	C:\Windows\SYSTEM32\profapi.dll
0x00007ff99ebd0000 - 0x00007ff99eca7000 	C:\Program Files\Java\jdk-21\bin\jsvml.dll
0x00007ff99ebb0000 - 0x00007ff99ebc8000 	C:\Program Files\Java\jdk-21\bin\zip.dll
0x00007ff99ef20000 - 0x00007ff99ef30000 	C:\Program Files\Java\jdk-21\bin\net.dll
0x00007ff9acac0000 - 0x00007ff9acbf7000 	C:\Windows\SYSTEM32\WINHTTP.dll
0x00007ff9b5fd0000 - 0x00007ff9b6039000 	C:\Windows\system32\mswsock.dll
0x00007ff99ef00000 - 0x00007ff99ef16000 	C:\Program Files\Java\jdk-21\bin\nio.dll
0x00007ff99eb90000 - 0x00007ff99ebaa000 	C:\Program Files\JetBrains\IntelliJ IDEA Community Edition 2023.3.6\bin\breakgen64.dll
0x00007ff99e9e0000 - 0x00007ff99e9e9000 	C:\Program Files\Java\jdk-21\bin\extnet.dll
0x00007ff954370000 - 0x00007ff9544ff000 	C:\Program Files\Java\jdk-21\bin\awt.dll
0x00007ff9b3890000 - 0x00007ff9b3927000 	C:\Windows\SYSTEM32\apphelp.dll
0x00007ff9b3c10000 - 0x00007ff9b3cbb000 	C:\Windows\system32\uxtheme.dll
0x00007ff9b7c30000 - 0x00007ff9b7d84000 	C:\Windows\System32\MSCTF.dll
0x00007ff9b7fa0000 - 0x00007ff9b813f000 	C:\Windows\System32\ole32.dll
0x00007ff9b3ec0000 - 0x00007ff9b3eeb000 	C:\Windows\system32\DWMAPI.DLL
0x00007ff982180000 - 0x00007ff982207000 	C:\Program Files\Java\jdk-21\bin\freetype.dll
0x00007ff953670000 - 0x00007ff953752000 	C:\Program Files\Java\jdk-21\bin\fontmanager.dll
0x00007ff99ef50000 - 0x00007ff99f050000 	C:\Windows\system32\opengl32.dll
0x00007ff99faa0000 - 0x00007ff99facd000 	C:\Windows\SYSTEM32\GLU32.dll
0x00007ff9b3d50000 - 0x00007ff9b3d89000 	C:\Windows\SYSTEM32\dxcore.dll
0x00007ff9b8400000 - 0x00007ff9b84b0000 	C:\Windows\System32\clbcatq.dll
0x00007ff9b20f0000 - 0x00007ff9b22a0000 	C:\Windows\SYSTEM32\WindowsCodecs.dll
0x00007ff976c50000 - 0x00007ff976cae000 	C:\Windows\system32\dataexchange.dll
0x00007ff9ac5f0000 - 0x00007ff9ac87f000 	C:\Windows\system32\twinapi.appcore.dll
0x00007ff9a53a0000 - 0x00007ff9a54ea000 	C:\Windows\SYSTEM32\textinputframework.dll
0x00007ff9b3490000 - 0x00007ff9b35c4000 	C:\Windows\SYSTEM32\CoreMessaging.dll
0x00007ff9b02b0000 - 0x00007ff9b061c000 	C:\Windows\SYSTEM32\CoreUIComponents.dll
0x00007ff9b6220000 - 0x00007ff9b622c000 	C:\Windows\SYSTEM32\CRYPTBASE.DLL
0x00007ff9798f0000 - 0x00007ff9799a0000 	C:\Windows\SYSTEM32\TextShaping.dll

dbghelp: loaded successfully - version: 4.0.5 - missing functions: none
symbol engine: initialized successfully - sym options: 0x614 - pdb path: .;C:\Program Files\Java\jdk-21\bin;C:\Windows\SYSTEM32;C:\Windows\WinSxS\amd64_microsoft.windows.common-controls_6595b64144ccf1df_6.0.22621.3235_none_270f74e173860f98;C:\Program Files\Java\jdk-21\bin\server;C:\Program Files\JetBrains\IntelliJ IDEA Community Edition 2023.3.6\bin

VM Arguments:
jvm_args: -javaagent:C:\Program Files\JetBrains\IntelliJ IDEA Community Edition 2023.3.6\lib\idea_rt.jar=60815:C:\Program Files\JetBrains\IntelliJ IDEA Community Edition 2023.3.6\bin -Dfile.encoding=UTF-8 -Dsun.stdout.encoding=UTF-8 -Dsun.stderr.encoding=UTF-8 
java_command: TesteTamanho
java_class_path (initial): C:\Users\sunau\OneDrive\Documentos\Java\Aula05\out\production\Aula05
Launcher Type: SUN_STANDARD

[Global flags]
     intx CICompilerCount                          = 4                                         {product} {ergonomic}
     uint ConcGCThreads                            = 2                                         {product} {ergonomic}
     uint G1ConcRefinementThreads                  = 8                                         {product} {ergonomic}
   size_t G1HeapRegionSize                         = 1048576                                   {product} {ergonomic}
    uintx GCDrainStackTargetSize                   = 64                                        {product} {ergonomic}
   size_t InitialHeapSize                          = 130023424                                 {product} {ergonomic}
   size_t MarkStackSize                            = 4194304                                   {product} {ergonomic}
   size_t MaxHeapSize                              = 2065694720                                {product} {ergonomic}
   size_t MaxNewSize                               = 1239416832                                {product} {ergonomic}
   size_t MinHeapDeltaBytes                        = 1048576                                   {product} {ergonomic}
   size_t MinHeapSize                              = 8388608                                   {product} {ergonomic}
    uintx NonNMethodCodeHeapSize                   = 5839372                                {pd product} {ergonomic}
    uintx NonProfiledCodeHeapSize                  = 122909434                              {pd product} {ergonomic}
    uintx ProfiledCodeHeapSize                     = 122909434                              {pd product} {ergonomic}
    uintx ReservedCodeCacheSize                    = 251658240                              {pd product} {ergonomic}
     bool SegmentedCodeCache                       = true                                      {product} {ergonomic}
   size_t SoftMaxHeapSize                          = 2065694720                             {manageable} {ergonomic}
     bool UseCompressedOops                        = true                           {product lp64_product} {ergonomic}
     bool UseG1GC                                  = true                                      {product} {ergonomic}
     bool UseLargePagesIndividualAllocation        = false                                  {pd product} {ergonomic}

Logging:
Log output configuration:
 #0: stdout all=warning uptime,level,tags foldmultilines=false
 #1: stderr all=off uptime,level,tags foldmultilines=false

Environment Variables:
PATH=C:\Program Files\Common Files\Oracle\Java\javapath;C:\Program Files (x86)\Common Files\Oracle\Java\javapath;C:\Windows\system32;C:\Windows;C:\Windows\System32\Wbem;C:\Windows\System32\WindowsPowerShell\v1.0\;C:\Windows\System32\OpenSSH\;C:\Program Files\dotnet\;C:\Program Files\Git\cmd;C:\Program Files\PowerShell\7\;C:\Users\sunau\AppData\Local\Programs\Python\Python311\Scripts\;C:\Users\sunau\AppData\Local\Programs\Python\Python311\;C:\Users\sunau\AppData\Local\Microsoft\WindowsApps;C:\Users\sunau\AppData\Local\Programs\Microsoft VS Code\bin
USERNAME=sunau
OS=Windows_NT
PROCESSOR_IDENTIFIER=Intel64 Family 6 Model 154 Stepping 4, GenuineIntel
TMP=C:\Users\sunau\AppData\Local\Temp
TEMP=C:\Users\sunau\AppData\Local\Temp




Periodic native trim disabled

---------------  S Y S T E M  ---------------

OS:
 Windows 11 , 64 bit Build 22621 (10.0.22621.3235)
OS uptime: 0 days 3:12 hours
Hyper-V role detected

CPU: total 8 (initial active 8) (4 cores per cpu, 2 threads per core) family 6 model 154 stepping 4 microcode 0x42c, cx8, cmov, fxsr, ht, mmx, 3dnowpref, sse, sse2, sse3, ssse3, sse4.1, sse4.2, popcnt, lzcnt, tsc, tscinvbit, avx, avx2, aes, erms, clmul, bmi1, bmi2, adx, sha, fma, vzeroupper, clflush, clflushopt, clwb, hv, serialize, rdtscp, rdpid, fsrm, f16c, cet_ibt, cet_ss
Processor Information for processor 0
  Max Mhz: 1200, Current Mhz: 1200, Mhz Limit: 1200
Processor Information for processor 1
  Max Mhz: 1200, Current Mhz: 1200, Mhz Limit: 1200
Processor Information for processor 2
  Max Mhz: 1200, Current Mhz: 1200, Mhz Limit: 1200
Processor Information for processor 3
  Max Mhz: 1200, Current Mhz: 1200, Mhz Limit: 1200
Processor Information for processor 4
  Max Mhz: 1200, Current Mhz: 900, Mhz Limit: 900
Processor Information for processor 5
  Max Mhz: 1200, Current Mhz: 900, Mhz Limit: 900
Processor Information for processor 6
  Max Mhz: 1200, Current Mhz: 900, Mhz Limit: 900
Processor Information for processor 7
  Max Mhz: 1200, Current Mhz: 900, Mhz Limit: 900

Memory: 4k page, system-wide physical 7876M (665M free)
TotalPageFile size 32452M (AvailPageFile size 0M)
current process WorkingSet (physical memory assigned to process): 70M, peak: 71M
current process commit charge ("private bytes"): 222M, peak: 225M

vm_info: Java HotSpot(TM) 64-Bit Server VM (21.0.2+13-LTS-58) for windows-amd64 JRE (21.0.2+13-LTS-58), built on 2024-01-05T18:32:24Z by "mach5one" with MS VC++ 17.1 (VS2022)

END.
